Log file open, 12/23/19 00:07:38
LogWindows: Failed to load 'aqProf.dll' (GetLastError=126)
LogWindows: File 'aqProf.dll' does not exist
LogWindows: Failed to load 'VtuneApi.dll' (GetLastError=126)
LogWindows: File 'VtuneApi.dll' does not exist
LogWindows: Failed to load 'VtuneApi32e.dll' (GetLastError=126)
LogWindows: File 'VtuneApi32e.dll' does not exist
LogConsoleResponse: Display: Failed to find resolution value strings in scalability ini. Falling back to default.
LogInit: Display: Running engine for game: IntoTheLabyrinth
LogInit: Display: Project file not found: ../../../IntoTheLabyrinth/IntoTheLabyrinth.uproject
LogInit: Display: 	Attempting to find via project info helper.
LogUProjectInfo: Found projects:
LogPakFile: Display: Found Pak file ../../../IntoTheLabyrinth/Content/Paks/IntoTheLabyrinth-WindowsNoEditor.pak attempting to mount.
LogPakFile: Display: Mounting pak file ../../../IntoTheLabyrinth/Content/Paks/IntoTheLabyrinth-WindowsNoEditor.pak.
LogPlatformFile: Not using cached read wrapper
LogTaskGraph: Started task graph with 5 named threads and 35 total threads with 3 sets of task threads.
LogStats: Stats thread started at 0.040122
LogD3D11RHI: Loaded GFSDK_Aftermath_Lib.x64.dll
LogICUInternationalization: ICU TimeZone Detection - Raw Offset: +1:00, Platform Override: ''
LogPluginManager: Mounting plugin Paper2D
LogPluginManager: Mounting plugin AISupport
LogPluginManager: Mounting plugin LightPropagationVolume
LogPluginManager: Mounting plugin AnimationSharing
LogPluginManager: Mounting plugin SignificanceManager
LogPluginManager: Mounting plugin AssetManagerEditor
LogPluginManager: Mounting plugin CryptoKeys
LogPluginManager: Mounting plugin CurveEditorTools
LogPluginManager: Mounting plugin FacialAnimation
LogPluginManager: Mounting plugin DatasmithContent
LogPluginManager: Mounting plugin VariantManagerContent
LogPluginManager: Mounting plugin AlembicImporter
LogPluginManager: Mounting plugin GeometryCache
LogPluginManager: Mounting plugin AutomationUtils
LogPluginManager: Mounting plugin ScreenshotTools
LogPluginManager: Mounting plugin BackChannel
LogPluginManager: Mounting plugin CharacterAI
LogPluginManager: Mounting plugin HTML5Networking
LogPluginManager: Mounting plugin PlatformCrypto
LogPluginManager: Mounting plugin AvfMedia
LogPluginManager: Mounting plugin ImgMedia
LogPluginManager: Mounting plugin MediaCompositing
LogPluginManager: Mounting plugin WmfMedia
LogPluginManager: Mounting plugin TcpMessaging
LogPluginManager: Mounting plugin UdpMessaging
LogPluginManager: Mounting plugin ActorSequence
LogPluginManager: Mounting plugin NetcodeUnitTest
LogPluginManager: Mounting plugin NUTUnrealEngine4
LogPluginManager: Mounting plugin OnlineSubsystemNull
LogPluginManager: Mounting plugin OnlineSubsystem
LogPluginManager: Mounting plugin OnlineSubsystemUtils
LogPluginManager: Mounting plugin LauncherChunkInstaller
LogPluginManager: Mounting plugin AndroidPermission
LogPluginManager: Mounting plugin AppleImageUtils
LogPluginManager: Mounting plugin ArchVisCharacter
LogPluginManager: Mounting plugin AudioCapture
LogPluginManager: Mounting plugin CableComponent
LogPluginManager: Mounting plugin CustomMeshComponent
LogPluginManager: Mounting plugin EditableMesh
LogPluginManager: Mounting plugin ExampleDeviceProfileSelector
LogPluginManager: Mounting plugin LocationServicesBPLibrary
LogPluginManager: Mounting plugin MobilePatchingUtils
LogPluginManager: Mounting plugin OculusVR
LogPluginManager: Mounting plugin ProceduralMeshComponent
LogPluginManager: Mounting plugin PhysXVehicles
LogPluginManager: Mounting plugin RuntimePhysXCooking
LogPluginManager: Mounting plugin SteamVR
LogPluginManager: Mounting plugin WebMMoviePlayer
LogPluginManager: Mounting plugin WebMMedia
LogPluginManager: Mounting plugin WindowsMoviePlayer
LogInit: Using libcurl 7.55.1-DEV
LogInit:  - built for x86_64-pc-win32
LogInit:  - supports SSL with OpenSSL/1.1.1
LogInit:  - supports HTTP deflate (compression) using libz 1.2.8
LogInit:  - other features:
LogInit:      CURL_VERSION_SSL
LogInit:      CURL_VERSION_LIBZ
LogInit:      CURL_VERSION_IPV6
LogInit:      CURL_VERSION_ASYNCHDNS
LogInit:      CURL_VERSION_LARGEFILE
LogInit:      CURL_VERSION_IDN
LogInit:  CurlRequestOptions (configurable via config and command line):
LogInit:  - bVerifyPeer = true  - Libcurl will verify peer certificate
LogInit:  - bUseHttpProxy = false  - Libcurl will NOT use HTTP proxy
LogInit:  - bDontReuseConnections = false  - Libcurl will reuse connections
LogInit:  - MaxHostConnections = 16  - Libcurl will limit the number of connections to a host
LogInit:  - LocalHostAddr = Default
LogInit:  - BufferSize = 65536
LogOnline: OSS: Creating online subsystem instance for: NULL
LogInit: WinSock: version 1.1 (2.2), MaxSocks=32767, MaxUdp=65467
LogInit: Build: ++UE4+Release-4.23-CL-8386587
LogInit: Engine Version: 4.23.0-8386587+++UE4+Release-4.23
LogInit: Compatible Engine Version: 4.23.0-8386587+++UE4+Release-4.23
LogInit: Net CL: 8386587
LogInit: OS: Windows 10 (Release 1809) (), CPU: Intel(R) Core(TM) i7-8700 CPU @ 3.20GHz, GPU: NVIDIA GeForce GTX 1660
LogInit: Compiled (64-bit): Aug 31 2019 02:36:32
LogInit: Compiled with Visual C++: 19.16.27030.01
LogInit: Build Configuration: Development
LogInit: Branch Name: ++UE4+Release-4.23
LogInit: Command Line: 
LogInit: Base Directory: C:/Users/dadas/Documents/exportedUnrealProjects/IntotheLabyrinthPac3_Win64/Engine/Binaries/Win64/
LogInit: Installed Engine Build: 0
LogDevObjectVersion: Number of dev versions registered: 23
LogDevObjectVersion:   Dev-Blueprints (B0D832E4-1F89-4F0D-ACCF-7EB736FD4AA2): 10
LogDevObjectVersion:   Dev-Build (E1C64328-A22C-4D53-A36C-8E866417BD8C): 0
LogDevObjectVersion:   Dev-Core (375EC13C-06E4-48FB-B500-84F0262A717E): 3
LogDevObjectVersion:   Dev-Editor (E4B068ED-F494-42E9-A231-DA0B2E46BB41): 34
LogDevObjectVersion:   Dev-Framework (CFFC743F-43B0-4480-9391-14DF171D2073): 35
LogDevObjectVersion:   Dev-Mobile (B02B49B5-BB20-44E9-A304-32B752E40360): 2
LogDevObjectVersion:   Dev-Networking (A4E4105C-59A1-49B5-A7C5-40C4547EDFEE): 0
LogDevObjectVersion:   Dev-Online (39C831C9-5AE6-47DC-9A44-9C173E1C8E7C): 0
LogDevObjectVersion:   Dev-Physics (78F01B33-EBEA-4F98-B9B4-84EACCB95AA2): 0
LogDevObjectVersion:   Dev-Platform (6631380F-2D4D-43E0-8009-CF276956A95A): 0
LogDevObjectVersion:   Dev-Rendering (12F88B9F-8875-4AFC-A67C-D90C383ABD29): 31
LogDevObjectVersion:   Dev-Sequencer (7B5AE74C-D270-4C10-A958-57980B212A5A): 11
LogDevObjectVersion:   Dev-VR (D7296918-1DD6-4BDD-9DE2-64A83CC13884): 2
LogDevObjectVersion:   Dev-LoadTimes (C2A15278-BFE7-4AFE-6C17-90FF531DF755): 1
LogDevObjectVersion:   Private-Geometry (6EACA3D4-40EC-4CC1-B786-8BED09428FC5): 3
LogDevObjectVersion:   Dev-AnimPhys (29E575DD-E0A3-4627-9D10-D276232CDCEA): 17
LogDevObjectVersion:   Dev-Anim (AF43A65D-7FD3-4947-9873-3E8ED9C1BB05): 2
LogDevObjectVersion:   Dev-ReflectionCapture (6B266CEC-1EC7-4B8F-A30B-E4D90942FC07): 1
LogDevObjectVersion:   Dev-Automation (0DF73D61-A23F-47EA-B727-89E90C41499A): 1
LogDevObjectVersion:   FortniteMain (601D1886-AC64-4F84-AA16-D3DE0DEAC7D6): 27
LogDevObjectVersion:   Dev-Enterprise (9DFFBCD6-494F-0158-E221-12823C92A888): 6
LogDevObjectVersion:   Dev-Niagara (F2AED0AC-9AFE-416F-8664-AA7FFA26D6FC): 1
LogDevObjectVersion:   Dev-Destruction (174F1F0B-B4C6-45A5-B13F-2EE8D0FB917D): 9
LogInit: Presizing for max 2097152 objects, including 1 objects not considered by GC, pre-allocating 0 bytes for permanent pool.
LogStreaming: Display: Async Loading initialized: Event Driven Loader: true, Async Loading Thread: false, Async Post Load: true
LogInit: Object subsystem initialized
LogConfig: Setting CVar [[con.DebugEarlyDefault:1]]
LogConfig: Setting CVar [[r.setres:1280x720]]
[2019.12.22-23.07.38:802][  0]LogConfig: Setting CVar [[con.DebugEarlyDefault:1]]
[2019.12.22-23.07.38:802][  0]LogConfig: Setting CVar [[r.setres:1280x720]]
[2019.12.22-23.07.38:802][  0]LogConfig: Applying CVar settings from Section [/Script/Engine.RendererSettings] File [../../../IntoTheLabyrinth/Saved/Config/WindowsNoEditor/Engine.ini]
[2019.12.22-23.07.38:802][  0]LogConfig: Setting CVar [[r.GPUCrashDebugging:0]]
[2019.12.22-23.07.38:802][  0]LogConfig: Setting CVar [[r.DefaultFeature.AutoExposure.ExtendDefaultLuminanceRange:1]]
[2019.12.22-23.07.38:802][  0]LogConfig: Applying CVar settings from Section [/Script/Engine.RendererOverrideSettings] File [../../../IntoTheLabyrinth/Saved/Config/WindowsNoEditor/Engine.ini]
[2019.12.22-23.07.38:802][  0]LogConfig: Applying CVar settings from Section [/Script/Engine.StreamingSettings] File [../../../IntoTheLabyrinth/Saved/Config/WindowsNoEditor/Engine.ini]
[2019.12.22-23.07.38:802][  0]LogConfig: Setting CVar [[s.MinBulkDataSizeForAsyncLoading:131072]]
[2019.12.22-23.07.38:802][  0]LogConfig: Setting CVar [[s.AsyncLoadingThreadEnabled:0]]
[2019.12.22-23.07.38:802][  0]LogConfig: Setting CVar [[s.EventDrivenLoaderEnabled:1]]
[2019.12.22-23.07.38:802][  0]LogConfig: Setting CVar [[s.WarnIfTimeLimitExceeded:0]]
[2019.12.22-23.07.38:802][  0]LogConfig: Setting CVar [[s.TimeLimitExceededMultiplier:1.5]]
[2019.12.22-23.07.38:802][  0]LogConfig: Setting CVar [[s.TimeLimitExceededMinTime:0.005]]
[2019.12.22-23.07.38:802][  0]LogConfig: Setting CVar [[s.UseBackgroundLevelStreaming:1]]
[2019.12.22-23.07.38:802][  0]LogConfig: Setting CVar [[s.PriorityAsyncLoadingExtraTime:15.0]]
[2019.12.22-23.07.38:802][  0]LogConfig: Setting CVar [[s.LevelStreamingActorsUpdateTimeLimit:5.0]]
[2019.12.22-23.07.38:802][  0]LogConfig: Setting CVar [[s.PriorityLevelStreamingActorsUpdateExtraTime:5.0]]
[2019.12.22-23.07.38:802][  0]LogConfig: Setting CVar [[s.LevelStreamingComponentsRegistrationGranularity:10]]
[2019.12.22-23.07.38:802][  0]LogConfig: Setting CVar [[s.UnregisterComponentsTimeLimit:1.0]]
[2019.12.22-23.07.38:803][  0]LogConfig: Setting CVar [[s.LevelStreamingComponentsUnregistrationGranularity:5]]
[2019.12.22-23.07.38:803][  0]LogConfig: Applying CVar settings from Section [/Script/Engine.GarbageCollectionSettings] File [../../../IntoTheLabyrinth/Saved/Config/WindowsNoEditor/Engine.ini]
[2019.12.22-23.07.38:803][  0]LogConfig: Setting CVar [[gc.MaxObjectsNotConsideredByGC:1]]
[2019.12.22-23.07.38:803][  0]LogConfig: Setting CVar [[gc.SizeOfPermanentObjectPool:0]]
[2019.12.22-23.07.38:803][  0]LogConfig: Setting CVar [[gc.FlushStreamingOnGC:0]]
[2019.12.22-23.07.38:803][  0]LogConfig: Setting CVar [[gc.NumRetriesBeforeForcingGC:10]]
[2019.12.22-23.07.38:803][  0]LogConfig: Setting CVar [[gc.AllowParallelGC:1]]
[2019.12.22-23.07.38:803][  0]LogConfig: Setting CVar [[gc.TimeBetweenPurgingPendingKillObjects:61.1]]
[2019.12.22-23.07.38:803][  0]LogConfig: Setting CVar [[gc.MaxObjectsInEditor:16777216]]
[2019.12.22-23.07.38:803][  0]LogConfig: Setting CVar [[gc.IncrementalBeginDestroyEnabled:1]]
[2019.12.22-23.07.38:803][  0]LogConfig: Setting CVar [[gc.CreateGCClusters:1]]
[2019.12.22-23.07.38:803][  0]LogConfig: Setting CVar [[gc.MinGCClusterSize:5]]
[2019.12.22-23.07.38:803][  0]LogConfig: Setting CVar [[gc.ActorClusteringEnabled:0]]
[2019.12.22-23.07.38:803][  0]LogConfig: Setting CVar [[gc.BlueprintClusteringEnabled:0]]
[2019.12.22-23.07.38:803][  0]LogConfig: Setting CVar [[gc.UseDisregardForGCOnDedicatedServers:0]]
[2019.12.22-23.07.38:803][  0]LogConfig: Applying CVar settings from Section [/Script/Engine.NetworkSettings] File [../../../IntoTheLabyrinth/Saved/Config/WindowsNoEditor/Engine.ini]
[2019.12.22-23.07.38:806][  0]LogConfig: Applying CVar settings from Section [ViewDistanceQuality@3] File [../../../IntoTheLabyrinth/Saved/Config/WindowsNoEditor/Scalability.ini]
[2019.12.22-23.07.38:806][  0]LogConfig: Setting CVar [[r.SkeletalMeshLODBias:0]]
[2019.12.22-23.07.38:806][  0]LogConfig: Setting CVar [[r.ViewDistanceScale:1.0]]
[2019.12.22-23.07.38:806][  0]LogConfig: Applying CVar settings from Section [AntiAliasingQuality@3] File [../../../IntoTheLabyrinth/Saved/Config/WindowsNoEditor/Scalability.ini]
[2019.12.22-23.07.38:806][  0]LogConfig: Setting CVar [[r.PostProcessAAQuality:4]]
[2019.12.22-23.07.38:806][  0]LogConfig: Applying CVar settings from Section [ShadowQuality@3] File [../../../IntoTheLabyrinth/Saved/Config/WindowsNoEditor/Scalability.ini]
[2019.12.22-23.07.38:806][  0]LogConfig: Setting CVar [[r.LightFunctionQuality:1]]
[2019.12.22-23.07.38:806][  0]LogConfig: Setting CVar [[r.ShadowQuality:5]]
[2019.12.22-23.07.38:806][  0]LogConfig: Setting CVar [[r.Shadow.CSM.MaxCascades:10]]
[2019.12.22-23.07.38:806][  0]LogConfig: Setting CVar [[r.Shadow.MaxResolution:2048]]
[2019.12.22-23.07.38:806][  0]LogConfig: Setting CVar [[r.Shadow.MaxCSMResolution:2048]]
[2019.12.22-23.07.38:806][  0]LogConfig: Setting CVar [[r.Shadow.RadiusThreshold:0.01]]
[2019.12.22-23.07.38:806][  0]LogConfig: Setting CVar [[r.Shadow.DistanceScale:1.0]]
[2019.12.22-23.07.38:806][  0]LogConfig: Setting CVar [[r.Shadow.CSM.TransitionScale:1.0]]
[2019.12.22-23.07.38:806][  0]LogConfig: Setting CVar [[r.Shadow.PreShadowResolutionFactor:1.0]]
[2019.12.22-23.07.38:806][  0]LogConfig: Setting CVar [[r.DistanceFieldShadowing:1]]
[2019.12.22-23.07.38:806][  0]LogConfig: Setting CVar [[r.DistanceFieldAO:1]]
[2019.12.22-23.07.38:806][  0]LogConfig: Setting CVar [[r.AOQuality:2]]
[2019.12.22-23.07.38:806][  0]LogConfig: Setting CVar [[r.VolumetricFog:1]]
[2019.12.22-23.07.38:806][  0]LogConfig: Setting CVar [[r.VolumetricFog.GridPixelSize:8]]
[2019.12.22-23.07.38:806][  0]LogConfig: Setting CVar [[r.VolumetricFog.GridSizeZ:128]]
[2019.12.22-23.07.38:806][  0]LogConfig: Setting CVar [[r.VolumetricFog.HistoryMissSupersampleCount:4]]
[2019.12.22-23.07.38:806][  0]LogConfig: Setting CVar [[r.LightMaxDrawDistanceScale:1]]
[2019.12.22-23.07.38:806][  0]LogConfig: Setting CVar [[r.CapsuleShadows:1]]
[2019.12.22-23.07.38:806][  0]LogConfig: Applying CVar settings from Section [PostProcessQuality@3] File [../../../IntoTheLabyrinth/Saved/Config/WindowsNoEditor/Scalability.ini]
[2019.12.22-23.07.38:806][  0]LogConfig: Setting CVar [[r.MotionBlurQuality:4]]
[2019.12.22-23.07.38:806][  0]LogConfig: Setting CVar [[r.AmbientOcclusionMipLevelFactor:0.4]]
[2019.12.22-23.07.38:806][  0]LogConfig: Setting CVar [[r.AmbientOcclusionMaxQuality:100]]
[2019.12.22-23.07.38:806][  0]LogConfig: Setting CVar [[r.AmbientOcclusionLevels:-1]]
[2019.12.22-23.07.38:806][  0]LogConfig: Setting CVar [[r.AmbientOcclusionRadiusScale:1.0]]
[2019.12.22-23.07.38:806][  0]LogConfig: Setting CVar [[r.DepthOfFieldQuality:2]]
[2019.12.22-23.07.38:806][  0]LogConfig: Setting CVar [[r.RenderTargetPoolMin:400]]
[2019.12.22-23.07.38:806][  0]LogConfig: Setting CVar [[r.LensFlareQuality:2]]
[2019.12.22-23.07.38:806][  0]LogConfig: Setting CVar [[r.SceneColorFringeQuality:1]]
[2019.12.22-23.07.38:806][  0]LogConfig: Setting CVar [[r.EyeAdaptationQuality:2]]
[2019.12.22-23.07.38:806][  0]LogConfig: Setting CVar [[r.BloomQuality:5]]
[2019.12.22-23.07.38:806][  0]LogConfig: Setting CVar [[r.FastBlurThreshold:100]]
[2019.12.22-23.07.38:807][  0]LogConfig: Setting CVar [[r.Upscale.Quality:3]]
[2019.12.22-23.07.38:807][  0]LogConfig: Setting CVar [[r.Tonemapper.GrainQuantization:1]]
[2019.12.22-23.07.38:807][  0]LogConfig: Setting CVar [[r.LightShaftQuality:1]]
[2019.12.22-23.07.38:807][  0]LogConfig: Setting CVar [[r.Filter.SizeScale:1]]
[2019.12.22-23.07.38:807][  0]LogConfig: Setting CVar [[r.Tonemapper.Quality:5]]
[2019.12.22-23.07.38:807][  0]LogConfig: Setting CVar [[r.DOF.Gather.AccumulatorQuality:1        ; higher gathering accumulator quality]]
[2019.12.22-23.07.38:807][  0]LogConfig: Setting CVar [[r.DOF.Gather.PostfilterMethod:1          ; Median3x3 postfilering method]]
[2019.12.22-23.07.38:807][  0]LogConfig: Setting CVar [[r.DOF.Gather.EnableBokehSettings:0       ; no bokeh simulation when gathering]]
[2019.12.22-23.07.38:807][  0]LogConfig: Setting CVar [[r.DOF.Gather.RingCount:4                 ; medium number of samples when gathering]]
[2019.12.22-23.07.38:807][  0]LogConfig: Setting CVar [[r.DOF.Scatter.ForegroundCompositing:1    ; additive foreground scattering]]
[2019.12.22-23.07.38:807][  0]LogConfig: Setting CVar [[r.DOF.Scatter.BackgroundCompositing:2    ; additive background scattering]]
[2019.12.22-23.07.38:807][  0]LogConfig: Setting CVar [[r.DOF.Scatter.EnableBokehSettings:1      ; bokeh simulation when scattering]]
[2019.12.22-23.07.38:807][  0]LogConfig: Setting CVar [[r.DOF.Scatter.MaxSpriteRatio:0.1         ; only a maximum of 10% of scattered bokeh]]
[2019.12.22-23.07.38:807][  0]LogConfig: Setting CVar [[r.DOF.Recombine.Quality:1                ; cheap slight out of focus]]
[2019.12.22-23.07.38:807][  0]LogConfig: Setting CVar [[r.DOF.Recombine.EnableBokehSettings:0    ; no bokeh simulation on slight out of focus]]
[2019.12.22-23.07.38:807][  0]LogConfig: Setting CVar [[r.DOF.TemporalAAQuality:1                ; more stable temporal accumulation]]
[2019.12.22-23.07.38:807][  0]LogConfig: Setting CVar [[r.DOF.Kernel.MaxForegroundRadius:0.025]]
[2019.12.22-23.07.38:807][  0]LogConfig: Setting CVar [[r.DOF.Kernel.MaxBackgroundRadius:0.025]]
[2019.12.22-23.07.38:807][  0]LogConfig: Applying CVar settings from Section [TextureQuality@3] File [../../../IntoTheLabyrinth/Saved/Config/WindowsNoEditor/Scalability.ini]
[2019.12.22-23.07.38:807][  0]LogConfig: Setting CVar [[r.Streaming.MipBias:0]]
[2019.12.22-23.07.38:807][  0]LogConfig: Setting CVar [[r.Streaming.AmortizeCPUToGPUCopy:0]]
[2019.12.22-23.07.38:807][  0]LogConfig: Setting CVar [[r.Streaming.MaxNumTexturesToStreamPerFrame:0]]
[2019.12.22-23.07.38:807][  0]LogConfig: Setting CVar [[r.Streaming.Boost:1]]
[2019.12.22-23.07.38:807][  0]LogConfig: Setting CVar [[r.MaxAnisotropy:8]]
[2019.12.22-23.07.38:807][  0]LogConfig: Setting CVar [[r.Streaming.LimitPoolSizeToVRAM:0]]
[2019.12.22-23.07.38:807][  0]LogConfig: Setting CVar [[r.Streaming.PoolSize:1000]]
[2019.12.22-23.07.38:807][  0]LogConfig: Setting CVar [[r.Streaming.MaxEffectiveScreenSize:0]]
[2019.12.22-23.07.38:807][  0]LogConfig: Applying CVar settings from Section [EffectsQuality@3] File [../../../IntoTheLabyrinth/Saved/Config/WindowsNoEditor/Scalability.ini]
[2019.12.22-23.07.38:807][  0]LogConfig: Setting CVar [[r.TranslucencyLightingVolumeDim:64]]
[2019.12.22-23.07.38:807][  0]LogConfig: Setting CVar [[r.RefractionQuality:2]]
[2019.12.22-23.07.38:807][  0]LogConfig: Setting CVar [[r.SSR.Quality:3]]
[2019.12.22-23.07.38:807][  0]LogConfig: Setting CVar [[r.SceneColorFormat:4]]
[2019.12.22-23.07.38:807][  0]LogConfig: Setting CVar [[r.DetailMode:2]]
[2019.12.22-23.07.38:807][  0]LogConfig: Setting CVar [[r.TranslucencyVolumeBlur:1]]
[2019.12.22-23.07.38:807][  0]LogConfig: Setting CVar [[r.MaterialQualityLevel:1 ; High quality]]
[2019.12.22-23.07.38:807][  0]LogConfig: Setting CVar [[r.SSS.Scale:1]]
[2019.12.22-23.07.38:807][  0]LogConfig: Setting CVar [[r.SSS.SampleSet:2]]
[2019.12.22-23.07.38:807][  0]LogConfig: Setting CVar [[r.SSS.Quality:1]]
[2019.12.22-23.07.38:807][  0]LogConfig: Setting CVar [[r.SSS.HalfRes:1]]
[2019.12.22-23.07.38:807][  0]LogConfig: Setting CVar [[r.EmitterSpawnRateScale:1.0]]
[2019.12.22-23.07.38:807][  0]LogConfig: Setting CVar [[r.ParticleLightQuality:2]]
[2019.12.22-23.07.38:807][  0]LogConfig: Applying CVar settings from Section [FoliageQuality@3] File [../../../IntoTheLabyrinth/Saved/Config/WindowsNoEditor/Scalability.ini]
[2019.12.22-23.07.38:807][  0]LogConfig: Setting CVar [[foliage.DensityScale:1.0]]
[2019.12.22-23.07.38:807][  0]LogConfig: Setting CVar [[grass.DensityScale:1.0]]
[2019.12.22-23.07.38:807][  0]LogInit: Selected Device Profile: [WindowsNoEditor]
[2019.12.22-23.07.38:807][  0]LogInit: Applying CVar settings loaded from the selected device profile: [WindowsNoEditor]
[2019.12.22-23.07.38:809][  0]LogHAL: Display: Platform has ~ 16 GB [17107906560 / 17179869184 / 16], which maps to Larger [LargestMinGB=32, LargerMinGB=12, DefaultMinGB=8, SmallerMinGB=6, SmallestMinGB=0)
[2019.12.22-23.07.38:809][  0]LogInit: Going up to parent DeviceProfile [Windows]
[2019.12.22-23.07.38:809][  0]LogInit: Going up to parent DeviceProfile []
[2019.12.22-23.07.38:809][  0]LogConfig: Applying CVar settings from Section [ViewDistanceQuality@3] File [../../../IntoTheLabyrinth/Saved/Config/WindowsNoEditor/Scalability.ini]
[2019.12.22-23.07.38:809][  0]LogConfig: Setting CVar [[r.SkeletalMeshLODBias:0]]
[2019.12.22-23.07.38:809][  0]LogConfig: Setting CVar [[r.ViewDistanceScale:1.0]]
[2019.12.22-23.07.38:809][  0]LogConfig: Applying CVar settings from Section [AntiAliasingQuality@3] File [../../../IntoTheLabyrinth/Saved/Config/WindowsNoEditor/Scalability.ini]
[2019.12.22-23.07.38:809][  0]LogConfig: Setting CVar [[r.PostProcessAAQuality:4]]
[2019.12.22-23.07.38:809][  0]LogConfig: Applying CVar settings from Section [ShadowQuality@3] File [../../../IntoTheLabyrinth/Saved/Config/WindowsNoEditor/Scalability.ini]
[2019.12.22-23.07.38:809][  0]LogConfig: Setting CVar [[r.LightFunctionQuality:1]]
[2019.12.22-23.07.38:809][  0]LogConfig: Setting CVar [[r.ShadowQuality:5]]
[2019.12.22-23.07.38:809][  0]LogConfig: Setting CVar [[r.Shadow.CSM.MaxCascades:10]]
[2019.12.22-23.07.38:809][  0]LogConfig: Setting CVar [[r.Shadow.MaxResolution:2048]]
[2019.12.22-23.07.38:809][  0]LogConfig: Setting CVar [[r.Shadow.MaxCSMResolution:2048]]
[2019.12.22-23.07.38:809][  0]LogConfig: Setting CVar [[r.Shadow.RadiusThreshold:0.01]]
[2019.12.22-23.07.38:809][  0]LogConfig: Setting CVar [[r.Shadow.DistanceScale:1.0]]
[2019.12.22-23.07.38:809][  0]LogConfig: Setting CVar [[r.Shadow.CSM.TransitionScale:1.0]]
[2019.12.22-23.07.38:809][  0]LogConfig: Setting CVar [[r.Shadow.PreShadowResolutionFactor:1.0]]
[2019.12.22-23.07.38:809][  0]LogConfig: Setting CVar [[r.DistanceFieldShadowing:1]]
[2019.12.22-23.07.38:809][  0]LogConfig: Setting CVar [[r.DistanceFieldAO:1]]
[2019.12.22-23.07.38:809][  0]LogConfig: Setting CVar [[r.AOQuality:2]]
[2019.12.22-23.07.38:809][  0]LogConfig: Setting CVar [[r.VolumetricFog:1]]
[2019.12.22-23.07.38:809][  0]LogConfig: Setting CVar [[r.VolumetricFog.GridPixelSize:8]]
[2019.12.22-23.07.38:809][  0]LogConfig: Setting CVar [[r.VolumetricFog.GridSizeZ:128]]
[2019.12.22-23.07.38:809][  0]LogConfig: Setting CVar [[r.VolumetricFog.HistoryMissSupersampleCount:4]]
[2019.12.22-23.07.38:809][  0]LogConfig: Setting CVar [[r.LightMaxDrawDistanceScale:1]]
[2019.12.22-23.07.38:809][  0]LogConfig: Setting CVar [[r.CapsuleShadows:1]]
[2019.12.22-23.07.38:809][  0]LogConfig: Applying CVar settings from Section [PostProcessQuality@3] File [../../../IntoTheLabyrinth/Saved/Config/WindowsNoEditor/Scalability.ini]
[2019.12.22-23.07.38:809][  0]LogConfig: Setting CVar [[r.MotionBlurQuality:4]]
[2019.12.22-23.07.38:809][  0]LogConfig: Setting CVar [[r.AmbientOcclusionMipLevelFactor:0.4]]
[2019.12.22-23.07.38:809][  0]LogConfig: Setting CVar [[r.AmbientOcclusionMaxQuality:100]]
[2019.12.22-23.07.38:809][  0]LogConfig: Setting CVar [[r.AmbientOcclusionLevels:-1]]
[2019.12.22-23.07.38:809][  0]LogConfig: Setting CVar [[r.AmbientOcclusionRadiusScale:1.0]]
[2019.12.22-23.07.38:809][  0]LogConfig: Setting CVar [[r.DepthOfFieldQuality:2]]
[2019.12.22-23.07.38:809][  0]LogConfig: Setting CVar [[r.RenderTargetPoolMin:400]]
[2019.12.22-23.07.38:809][  0]LogConfig: Setting CVar [[r.LensFlareQuality:2]]
[2019.12.22-23.07.38:809][  0]LogConfig: Setting CVar [[r.SceneColorFringeQuality:1]]
[2019.12.22-23.07.38:809][  0]LogConfig: Setting CVar [[r.EyeAdaptationQuality:2]]
[2019.12.22-23.07.38:809][  0]LogConfig: Setting CVar [[r.BloomQuality:5]]
[2019.12.22-23.07.38:809][  0]LogConfig: Setting CVar [[r.FastBlurThreshold:100]]
[2019.12.22-23.07.38:809][  0]LogConfig: Setting CVar [[r.Upscale.Quality:3]]
[2019.12.22-23.07.38:809][  0]LogConfig: Setting CVar [[r.Tonemapper.GrainQuantization:1]]
[2019.12.22-23.07.38:809][  0]LogConfig: Setting CVar [[r.LightShaftQuality:1]]
[2019.12.22-23.07.38:809][  0]LogConfig: Setting CVar [[r.Filter.SizeScale:1]]
[2019.12.22-23.07.38:809][  0]LogConfig: Setting CVar [[r.Tonemapper.Quality:5]]
[2019.12.22-23.07.38:809][  0]LogConfig: Setting CVar [[r.DOF.Gather.AccumulatorQuality:1        ; higher gathering accumulator quality]]
[2019.12.22-23.07.38:809][  0]LogConfig: Setting CVar [[r.DOF.Gather.PostfilterMethod:1          ; Median3x3 postfilering method]]
[2019.12.22-23.07.38:809][  0]LogConfig: Setting CVar [[r.DOF.Gather.EnableBokehSettings:0       ; no bokeh simulation when gathering]]
[2019.12.22-23.07.38:809][  0]LogConfig: Setting CVar [[r.DOF.Gather.RingCount:4                 ; medium number of samples when gathering]]
[2019.12.22-23.07.38:809][  0]LogConfig: Setting CVar [[r.DOF.Scatter.ForegroundCompositing:1    ; additive foreground scattering]]
[2019.12.22-23.07.38:809][  0]LogConfig: Setting CVar [[r.DOF.Scatter.BackgroundCompositing:2    ; additive background scattering]]
[2019.12.22-23.07.38:809][  0]LogConfig: Setting CVar [[r.DOF.Scatter.EnableBokehSettings:1      ; bokeh simulation when scattering]]
[2019.12.22-23.07.38:809][  0]LogConfig: Setting CVar [[r.DOF.Scatter.MaxSpriteRatio:0.1         ; only a maximum of 10% of scattered bokeh]]
[2019.12.22-23.07.38:809][  0]LogConfig: Setting CVar [[r.DOF.Recombine.Quality:1                ; cheap slight out of focus]]
[2019.12.22-23.07.38:809][  0]LogConfig: Setting CVar [[r.DOF.Recombine.EnableBokehSettings:0    ; no bokeh simulation on slight out of focus]]
[2019.12.22-23.07.38:809][  0]LogConfig: Setting CVar [[r.DOF.TemporalAAQuality:1                ; more stable temporal accumulation]]
[2019.12.22-23.07.38:809][  0]LogConfig: Setting CVar [[r.DOF.Kernel.MaxForegroundRadius:0.025]]
[2019.12.22-23.07.38:809][  0]LogConfig: Setting CVar [[r.DOF.Kernel.MaxBackgroundRadius:0.025]]
[2019.12.22-23.07.38:809][  0]LogConfig: Applying CVar settings from Section [TextureQuality@3] File [../../../IntoTheLabyrinth/Saved/Config/WindowsNoEditor/Scalability.ini]
[2019.12.22-23.07.38:809][  0]LogConfig: Setting CVar [[r.Streaming.MipBias:0]]
[2019.12.22-23.07.38:809][  0]LogConfig: Setting CVar [[r.Streaming.AmortizeCPUToGPUCopy:0]]
[2019.12.22-23.07.38:809][  0]LogConfig: Setting CVar [[r.Streaming.MaxNumTexturesToStreamPerFrame:0]]
[2019.12.22-23.07.38:809][  0]LogConfig: Setting CVar [[r.Streaming.Boost:1]]
[2019.12.22-23.07.38:809][  0]LogConfig: Setting CVar [[r.MaxAnisotropy:8]]
[2019.12.22-23.07.38:809][  0]LogConfig: Setting CVar [[r.Streaming.LimitPoolSizeToVRAM:0]]
[2019.12.22-23.07.38:809][  0]LogConfig: Setting CVar [[r.Streaming.PoolSize:1000]]
[2019.12.22-23.07.38:809][  0]LogConfig: Setting CVar [[r.Streaming.MaxEffectiveScreenSize:0]]
[2019.12.22-23.07.38:809][  0]LogConfig: Applying CVar settings from Section [EffectsQuality@3] File [../../../IntoTheLabyrinth/Saved/Config/WindowsNoEditor/Scalability.ini]
[2019.12.22-23.07.38:809][  0]LogConfig: Setting CVar [[r.TranslucencyLightingVolumeDim:64]]
[2019.12.22-23.07.38:809][  0]LogConfig: Setting CVar [[r.RefractionQuality:2]]
[2019.12.22-23.07.38:809][  0]LogConfig: Setting CVar [[r.SSR.Quality:3]]
[2019.12.22-23.07.38:809][  0]LogConfig: Setting CVar [[r.SceneColorFormat:4]]
[2019.12.22-23.07.38:809][  0]LogConfig: Setting CVar [[r.DetailMode:2]]
[2019.12.22-23.07.38:809][  0]LogConfig: Setting CVar [[r.TranslucencyVolumeBlur:1]]
[2019.12.22-23.07.38:810][  0]LogConfig: Setting CVar [[r.MaterialQualityLevel:1 ; High quality]]
[2019.12.22-23.07.38:810][  0]LogConfig: Setting CVar [[r.SSS.Scale:1]]
[2019.12.22-23.07.38:810][  0]LogConfig: Setting CVar [[r.SSS.SampleSet:2]]
[2019.12.22-23.07.38:810][  0]LogConfig: Setting CVar [[r.SSS.Quality:1]]
[2019.12.22-23.07.38:810][  0]LogConfig: Setting CVar [[r.SSS.HalfRes:1]]
[2019.12.22-23.07.38:810][  0]LogConfig: Setting CVar [[r.EmitterSpawnRateScale:1.0]]
[2019.12.22-23.07.38:810][  0]LogConfig: Setting CVar [[r.ParticleLightQuality:2]]
[2019.12.22-23.07.38:810][  0]LogConfig: Applying CVar settings from Section [FoliageQuality@3] File [../../../IntoTheLabyrinth/Saved/Config/WindowsNoEditor/Scalability.ini]
[2019.12.22-23.07.38:810][  0]LogConfig: Setting CVar [[foliage.DensityScale:1.0]]
[2019.12.22-23.07.38:810][  0]LogConfig: Setting CVar [[grass.DensityScale:1.0]]
[2019.12.22-23.07.38:810][  0]LogConfig: Applying CVar settings from Section [Startup] File [../../../Engine/Config/ConsoleVariables.ini]
[2019.12.22-23.07.38:810][  0]LogConfig: Setting CVar [[net.UseAdaptiveNetUpdateFrequency:0]]
[2019.12.22-23.07.38:810][  0]LogConfig: Setting CVar [[p.chaos.AllowCreatePhysxBodies:1]]
[2019.12.22-23.07.38:810][  0]LogConfig: Applying CVar settings from Section [ConsoleVariables] File [../../../IntoTheLabyrinth/Saved/Config/WindowsNoEditor/Engine.ini]
[2019.12.22-23.07.38:810][  0]LogInit: Computer: DESKTOP-N30QJA6
[2019.12.22-23.07.38:810][  0]LogInit: User: dadas
[2019.12.22-23.07.38:810][  0]LogInit: CPU Page size=4096, Cores=6
[2019.12.22-23.07.38:810][  0]LogInit: High frequency timer resolution =10.000000 MHz
[2019.12.22-23.07.38:810][  0]LogMemory: Memory total: Physical=15.9GB (16GB approx)
[2019.12.22-23.07.38:810][  0]LogMemory: Platform Memory Stats for WindowsNoEditor
[2019.12.22-23.07.38:810][  0]LogMemory: Process Physical Memory: 57.17 MB used, 57.17 MB peak
[2019.12.22-23.07.38:810][  0]LogMemory: Process Virtual Memory: 70.96 MB used, 70.96 MB peak
[2019.12.22-23.07.38:810][  0]LogMemory: Physical Memory: 6689.07 MB used,  9626.30 MB free, 16315.37 MB total
[2019.12.22-23.07.38:810][  0]LogMemory: Virtual Memory: 4475.94 MB used,  134213248.00 MB free, 134217728.00 MB total
[2019.12.22-23.07.38:812][  0]LogWindows: WindowsPlatformFeatures enabled
[2019.12.22-23.07.38:823][  0]LogInit: Using OS detected language (es-ES).
[2019.12.22-23.07.38:823][  0]LogInit: Using OS detected locale (es-ES).
[2019.12.22-23.07.38:823][  0]LogTextLocalizationManager: No localization for 'es-ES' exists, so 'en' will be used for the language.
[2019.12.22-23.07.38:823][  0]LogTextLocalizationManager: No localization for 'es-ES' exists, so 'en' will be used for the locale.
[2019.12.22-23.07.38:848][  0]LogSlate: New Slate User Created.  User Index 0, Is Virtual User: 0
[2019.12.22-23.07.38:848][  0]LogSlate: Slate User Registered.  User Index 0, Is Virtual User: 0
[2019.12.22-23.07.38:858][  0]LogHMD: Failed to initialize OpenVR with code 110
[2019.12.22-23.07.38:858][  0]LogD3D11RHI: D3D11 adapters:
[2019.12.22-23.07.38:917][  0]LogD3D11RHI:    0. 'NVIDIA GeForce GTX 1660' (Feature Level 11_0)
[2019.12.22-23.07.38:917][  0]LogD3D11RHI:       5991/0/8157 MB DedicatedVideo/DedicatedSystem/SharedSystem, Outputs:2, VendorId:0x10de
[2019.12.22-23.07.38:919][  0]LogD3D11RHI:    1. 'Microsoft Basic Render Driver' (Feature Level 11_0)
[2019.12.22-23.07.38:919][  0]LogD3D11RHI:       0/0/8157 MB DedicatedVideo/DedicatedSystem/SharedSystem, Outputs:0, VendorId:0x1414
[2019.12.22-23.07.38:919][  0]LogD3D11RHI: Chosen D3D11 Adapter: 0
[2019.12.22-23.07.38:925][  0]LogD3D11RHI: Creating new Direct3DDevice
[2019.12.22-23.07.38:925][  0]LogD3D11RHI:     GPU DeviceId: 0x2184 (for the marketing name, search the web for "GPU Device Id")
[2019.12.22-23.07.38:925][  0]LogWindows: EnumDisplayDevices:
[2019.12.22-23.07.38:925][  0]LogWindows:    0. 'NVIDIA GeForce GTX 1660' (P:1 D:1)
[2019.12.22-23.07.38:925][  0]LogWindows:    1. 'NVIDIA GeForce GTX 1660' (P:0 D:1)
[2019.12.22-23.07.38:925][  0]LogWindows:    2. 'NVIDIA GeForce GTX 1660' (P:0 D:0)
[2019.12.22-23.07.38:925][  0]LogWindows:    3. 'NVIDIA GeForce GTX 1660' (P:0 D:0)
[2019.12.22-23.07.38:926][  0]LogWindows: DebugString: FoundDriverCount:4 
[2019.12.22-23.07.38:926][  0]LogD3D11RHI:     Adapter Name: NVIDIA GeForce GTX 1660
[2019.12.22-23.07.38:926][  0]LogD3D11RHI:   Driver Version: 432.00 (internal:26.21.14.3200, unified:432.00)
[2019.12.22-23.07.38:926][  0]LogD3D11RHI:      Driver Date: 7-24-2019
[2019.12.22-23.07.38:926][  0]LogRHI: Texture pool is 4193 MB (70% of 5991 MB)
[2019.12.22-23.07.38:965][  0]LogD3D11RHI: Async texture creation enabled
[2019.12.22-23.07.38:976][  0]LogD3D11RHI: GPU Timing Frequency: 1000.000000 (Debug: 2 1)
[2019.12.22-23.07.39:096][  0]LogMaterial: Verifying Global Shaders for PCD3D_SM5
[2019.12.22-23.07.39:099][  0]LogSlate: Using FreeType 2.6.0
[2019.12.22-23.07.39:100][  0]LogSlate: SlateFontServices - WITH_FREETYPE: 1, WITH_HARFBUZZ: 1
[2019.12.22-23.07.39:155][  0]LogInit: Using OS detected language (es-ES).
[2019.12.22-23.07.39:155][  0]LogInit: Using OS detected locale (es-ES).
[2019.12.22-23.07.39:155][  0]LogTextLocalizationManager: No localization for 'es-ES' exists, so 'en' will be used for the language.
[2019.12.22-23.07.39:155][  0]LogTextLocalizationManager: No localization for 'es-ES' exists, so 'en' will be used for the locale.
[2019.12.22-23.07.39:156][  0]LogTextLocalizationManager: Compacting localization data took   0.43ms
[2019.12.22-23.07.39:160][  0]LogAssetRegistry: FAssetRegistry took 0.0036 seconds to start up
[2019.12.22-23.07.39:226][  0]LogStreaming: Display: Flushing async loaders.
[2019.12.22-23.07.39:226][  0]LogPackageLocalizationCache: Processed 11 localized package path(s) for 1 prioritized culture(s) in 0.000056 seconds
[2019.12.22-23.07.39:226][  0]LogPakFile: New pak file ../../../IntoTheLabyrinth/Content/Paks/IntoTheLabyrinth-WindowsNoEditor.pak added to pak precacher.
[2019.12.22-23.07.39:230][  0]LogInit: Selected Device Profile: [WindowsNoEditor]
[2019.12.22-23.07.39:237][  0]LogNetVersion: IntoTheLabyrinth 1.0.0, NetCL: 8386587, EngineNetVer: 11, GameNetVer: 0 (Checksum: 3615332916)
[2019.12.22-23.07.39:417][  0]LogMoviePlayer: Initializing movie player
[2019.12.22-23.07.39:417][  0]LogAndroidPermission: UAndroidPermissionCallbackProxy::GetInstance
[2019.12.22-23.07.39:417][  0]LogOcInput: OculusInput pre-init called
[2019.12.22-23.07.39:421][  0]LogUObjectArray: 39543 objects as part of root set at end of initial load.
[2019.12.22-23.07.39:421][  0]LogUObjectArray: 2 objects are not in the root set, but can never be destroyed because they are in the DisregardForGC set.
[2019.12.22-23.07.39:421][  0]LogUObjectAllocator: 5931376 out of 0 bytes used by permanent object pool.
[2019.12.22-23.07.39:421][  0]LogUObjectArray: CloseDisregardForGC: 39543/39543 objects in disregard for GC pool
[2019.12.22-23.07.39:422][  0]LogEngine: Initializing Engine...
[2019.12.22-23.07.39:423][  0]LogHMD: Failed to initialize OpenVR with code 110
[2019.12.22-23.07.39:423][  0]LogStats: UGameplayTagsManager::InitializeManager -  0.000 s
[2019.12.22-23.07.39:498][  0]LogInit: Initializing FReadOnlyCVARCache
[2019.12.22-23.07.39:502][  0]LogAudioDebug: Display: Lib vorbis DLL was dynamically loaded.
[2019.12.22-23.07.39:525][  0]LogInit: XAudio2 using 'Altavoces (Realtek(R) Audio)' : 2 channels at 48 kHz using 32 bits per sample (channel mask 0x3)
[2019.12.22-23.07.39:547][  0]LogInit: FAudioDevice initialized.
[2019.12.22-23.07.39:547][  0]LogNetVersion: Set ProjectVersion to 1.0.0.0. Version Checksum will be recalculated on next use.
[2019.12.22-23.07.39:547][  0]LogInit: Texture streaming: Enabled
[2019.12.22-23.07.39:704][  0]LogSlate: Updating window title bar state: overlay mode, drag disabled, window buttons hidden, title bar hidden
[2019.12.22-23.07.39:704][  0]LogInit: Display: Game Engine Initialized.
[2019.12.22-23.07.39:705][  0]LogInit: Display: Starting Game.
[2019.12.22-23.07.39:705][  0]LogNet: Browse: /Game/Maps/Main_level?Name=Player
[2019.12.22-23.07.39:705][  0]LogLoad: LoadMap: /Game/Maps/Main_level?Name=Player
[2019.12.22-23.07.39:705][  0]LogWorld: BeginTearingDown for /Temp/Untitled_0
[2019.12.22-23.07.39:707][  0]LogWorld: UWorld::CleanupWorld for Untitled, bSessionEnded=true, bCleanupResources=true
[2019.12.22-23.07.39:832][  0]LogUObjectHash: Compacting FUObjectHashTables data took   1.17ms
[2019.12.22-23.07.39:858][  0]LogAIModule: Creating AISystem for world Main_level
[2019.12.22-23.07.39:858][  0]LogLoad: Game class is 'GameMode'
[2019.12.22-23.07.39:859][  0]LogWorld: Bringing World /Game/Maps/Main_level.Main_level up for play (max tick rate 0) at 2019.12.23-00.07.39
[2019.12.22-23.07.39:859][  0]LogWorld: Bringing up level for play took: 0.000274
[2019.12.22-23.07.39:859][  0]LogGameMode: FindPlayerStart: PATHS NOT DEFINED or NO PLAYERSTART with positive rating
[2019.12.22-23.07.39:860][  0]LogGameMode: Display: Match State Changed from EnteringMap to WaitingToStart
[2019.12.22-23.07.39:860][  0]LogGameState: Match State Changed from EnteringMap to WaitingToStart
[2019.12.22-23.07.39:860][  0]LogGameMode: Display: Match State Changed from WaitingToStart to InProgress
[2019.12.22-23.07.39:861][  0]LogUMG: Display: Widget Class WB_MainMenu_C - Loaded Fast Template.
[2019.12.22-23.07.39:861][  0]LogGameState: Match State Changed from WaitingToStart to InProgress
[2019.12.22-23.07.39:861][  0]LogLoad: Took 0.156381 seconds to LoadMap(/Game/Maps/Main_level)
[2019.12.22-23.07.39:862][  0]LogSlate: Took 0.000265 seconds to synchronously load lazily loaded font '../../../IntoTheLabyrinth/Content/UI/Fonts/INKFREE.ufont' (41K)
[2019.12.22-23.07.39:871][  0]LogRenderer: Reallocating scene render targets to support 2560x1080 Format 10 NumSamples 1 (Frame:1).
[2019.12.22-23.07.39:871][  0]LogLoad: (Engine Initialization) Total time: 1.21 seconds
[2019.12.22-23.07.39:915][  0]LogContentStreaming: Texture pool size now 1000 MB
[2019.12.22-23.07.47:971][497]r.SetRes = "1280x720w"
[2019.12.22-23.07.47:980][497]LogRenderer: Reallocating scene render targets to support 1280x720 Format 10 NumSamples 1 (Frame:499).
[2019.12.22-23.07.48:000][497]LogSlate: FSceneViewport::OnFocusLost() reason 0
[2019.12.22-23.07.54:131][878]LogUMG: Display: Widget Class WB_intro_C - Loaded Fast Template.
[2019.12.22-23.08.57:523][808]LogUMG: Display: Widget Class WB_StartGame_C - Loaded Fast Template.
[2019.12.22-23.09.13:264][784]LogSlate: FSceneViewport::OnFocusLost() reason 0
[2019.12.22-23.09.13:264][784]LogGameMode: Display: Match State Changed from InProgress to LeavingMap
[2019.12.22-23.09.13:264][784]LogGameState: Match State Changed from InProgress to LeavingMap
[2019.12.22-23.09.13:264][784]LogNet: Browse: /Game/Maps/test_level
[2019.12.22-23.09.13:264][784]LogLoad: LoadMap: /Game/Maps/test_level
[2019.12.22-23.09.13:264][784]LogWorld: BeginTearingDown for /Game/Maps/Main_level
[2019.12.22-23.09.13:265][784]LogWorld: UWorld::CleanupWorld for Main_level, bSessionEnded=true, bCleanupResources=true
[2019.12.22-23.09.13:270][784]LogUObjectHash: Compacting FUObjectHashTables data took   1.58ms
[2019.12.22-23.09.13:271][784]LogStreaming: Display: Flushing async loaders.
[2019.12.22-23.09.13:502][784]LogModelComponent: Model /Game/Maps/test_level.test_level:PersistentLevel.ModelComponent_45 has elements that reference missing vertices. MaxVertex=5, NumVertices=0
[2019.12.22-23.09.13:502][784]LogModelComponent: Model /Game/Maps/test_level.test_level:PersistentLevel.ModelComponent_45 has elements that reference missing vertices. MaxVertex=53, NumVertices=0
[2019.12.22-23.09.13:502][784]LogModelComponent: Model /Game/Maps/test_level.test_level:PersistentLevel.ModelComponent_46 has elements that reference missing vertices. MaxVertex=10, NumVertices=0
[2019.12.22-23.09.13:502][784]LogModelComponent: Model /Game/Maps/test_level.test_level:PersistentLevel.ModelComponent_46 has elements that reference missing vertices. MaxVertex=58, NumVertices=0
[2019.12.22-23.09.13:502][784]LogModelComponent: Model /Game/Maps/test_level.test_level:PersistentLevel.ModelComponent_47 has elements that reference missing vertices. MaxVertex=15, NumVertices=0
[2019.12.22-23.09.13:502][784]LogModelComponent: Model /Game/Maps/test_level.test_level:PersistentLevel.ModelComponent_47 has elements that reference missing vertices. MaxVertex=63, NumVertices=0
[2019.12.22-23.09.13:502][784]LogModelComponent: Model /Game/Maps/test_level.test_level:PersistentLevel.ModelComponent_48 has elements that reference missing vertices. MaxVertex=19, NumVertices=0
[2019.12.22-23.09.13:502][784]LogModelComponent: Model /Game/Maps/test_level.test_level:PersistentLevel.ModelComponent_48 has elements that reference missing vertices. MaxVertex=67, NumVertices=0
[2019.12.22-23.09.13:502][784]LogModelComponent: Model /Game/Maps/test_level.test_level:PersistentLevel.ModelComponent_49 has elements that reference missing vertices. MaxVertex=23, NumVertices=0
[2019.12.22-23.09.13:502][784]LogModelComponent: Model /Game/Maps/test_level.test_level:PersistentLevel.ModelComponent_49 has elements that reference missing vertices. MaxVertex=71, NumVertices=0
[2019.12.22-23.09.13:502][784]LogModelComponent: Model /Game/Maps/test_level.test_level:PersistentLevel.ModelComponent_50 has elements that reference missing vertices. MaxVertex=27, NumVertices=0
[2019.12.22-23.09.13:502][784]LogModelComponent: Model /Game/Maps/test_level.test_level:PersistentLevel.ModelComponent_51 has elements that reference missing vertices. MaxVertex=31, NumVertices=0
[2019.12.22-23.09.13:502][784]LogModelComponent: Model /Game/Maps/test_level.test_level:PersistentLevel.ModelComponent_51 has elements that reference missing vertices. MaxVertex=35, NumVertices=0
[2019.12.22-23.09.13:502][784]LogModelComponent: Model /Game/Maps/test_level.test_level:PersistentLevel.ModelComponent_51 has elements that reference missing vertices. MaxVertex=39, NumVertices=0
[2019.12.22-23.09.13:502][784]LogModelComponent: Model /Game/Maps/test_level.test_level:PersistentLevel.ModelComponent_51 has elements that reference missing vertices. MaxVertex=47, NumVertices=0
[2019.12.22-23.09.13:502][784]LogModelComponent: Model /Game/Maps/test_level.test_level:PersistentLevel.ModelComponent_51 has elements that reference missing vertices. MaxVertex=43, NumVertices=0
[2019.12.22-23.09.13:502][784]LogModelComponent: Model /Game/Maps/test_level.test_level:PersistentLevel.ModelComponent_52 has elements that reference missing vertices. MaxVertex=75, NumVertices=0
[2019.12.22-23.09.13:502][784]LogModelComponent: Model /Game/Maps/test_level.test_level:PersistentLevel.ModelComponent_53 has elements that reference missing vertices. MaxVertex=79, NumVertices=0
[2019.12.22-23.09.13:502][784]LogModelComponent: Model /Game/Maps/test_level.test_level:PersistentLevel.ModelComponent_54 has elements that reference missing vertices. MaxVertex=83, NumVertices=0
[2019.12.22-23.09.13:502][784]LogModelComponent: Model /Game/Maps/test_level.test_level:PersistentLevel.ModelComponent_55 has elements that reference missing vertices. MaxVertex=87, NumVertices=0
[2019.12.22-23.09.13:502][784]LogModelComponent: Model /Game/Maps/test_level.test_level:PersistentLevel.ModelComponent_56 has elements that reference missing vertices. MaxVertex=91, NumVertices=0
[2019.12.22-23.09.13:502][784]LogModelComponent: Model /Game/Maps/test_level.test_level:PersistentLevel.ModelComponent_57 has elements that reference missing vertices. MaxVertex=95, NumVertices=0
[2019.12.22-23.09.13:502][784]LogModelComponent: Model /Game/Maps/test_level.test_level:PersistentLevel.ModelComponent_58 has elements that reference missing vertices. MaxVertex=99, NumVertices=0
[2019.12.22-23.09.13:502][784]LogModelComponent: Model /Game/Maps/test_level.test_level:PersistentLevel.ModelComponent_59 has elements that reference missing vertices. MaxVertex=103, NumVertices=0
[2019.12.22-23.09.13:932][784]LogAIModule: Creating AISystem for world test_level
[2019.12.22-23.09.13:932][784]LogLoad: Game class is 'GameMode'
[2019.12.22-23.09.13:932][784]LogStreaming: Display: ULevelStreaming::RequestLevel(/Game/Maps/test_level1) is flushing async loading
[2019.12.22-23.09.13:935][784]LogModelComponent: Model /Game/Maps/test_level1.test_level1:PersistentLevel.ModelComponent_10 has elements that reference missing vertices. MaxVertex=7, NumVertices=0
[2019.12.22-23.09.13:935][784]LogModelComponent: Model /Game/Maps/test_level1.test_level1:PersistentLevel.ModelComponent_10 has elements that reference missing vertices. MaxVertex=11, NumVertices=0
[2019.12.22-23.09.13:935][784]LogModelComponent: Model /Game/Maps/test_level1.test_level1:PersistentLevel.ModelComponent_10 has elements that reference missing vertices. MaxVertex=15, NumVertices=0
[2019.12.22-23.09.13:935][784]LogModelComponent: Model /Game/Maps/test_level1.test_level1:PersistentLevel.ModelComponent_10 has elements that reference missing vertices. MaxVertex=23, NumVertices=0
[2019.12.22-23.09.13:935][784]LogModelComponent: Model /Game/Maps/test_level1.test_level1:PersistentLevel.ModelComponent_10 has elements that reference missing vertices. MaxVertex=27, NumVertices=0
[2019.12.22-23.09.13:935][784]LogModelComponent: Model /Game/Maps/test_level1.test_level1:PersistentLevel.ModelComponent_11 has elements that reference missing vertices. MaxVertex=19, NumVertices=0
[2019.12.22-23.09.13:936][784]LogModelComponent: Model /Game/Maps/test_level1.test_level1:PersistentLevel.ModelComponent_9 has elements that reference missing vertices. MaxVertex=3, NumVertices=0
[2019.12.22-23.09.13:936][784]LogModelComponent: Model /Game/Maps/test_level1.test_level1:PersistentLevel.ModelComponent_9 has elements that reference missing vertices. MaxVertex=31, NumVertices=0
[2019.12.22-23.09.13:936][784]LogModelComponent: Model /Game/Maps/test_level1.test_level1:PersistentLevel.ModelComponent_9 has elements that reference missing vertices. MaxVertex=35, NumVertices=0
[2019.12.22-23.09.13:936][784]LogModelComponent: Model /Game/Maps/test_level1.test_level1:PersistentLevel.ModelComponent_9 has elements that reference missing vertices. MaxVertex=39, NumVertices=0
[2019.12.22-23.09.13:936][784]LogModelComponent: Model /Game/Maps/test_level1.test_level1:PersistentLevel.ModelComponent_9 has elements that reference missing vertices. MaxVertex=43, NumVertices=0
[2019.12.22-23.09.13:936][784]LogModelComponent: Model /Game/Maps/test_level1.test_level1:PersistentLevel.ModelComponent_9 has elements that reference missing vertices. MaxVertex=47, NumVertices=0
[2019.12.22-23.09.13:977][784]LogWorld: Bringing World /Game/Maps/test_level.test_level up for play (max tick rate 0) at 2019.12.23-00.09.13
[2019.12.22-23.09.13:982][784]LogWorld: Bringing up level for play took: 0.044994
[2019.12.22-23.09.13:982][784]LogGameMode: FindPlayerStart: PATHS NOT DEFINED or NO PLAYERSTART with positive rating
[2019.12.22-23.09.13:982][784]LogGameMode: Display: Match State Changed from EnteringMap to WaitingToStart
[2019.12.22-23.09.13:982][784]LogGameState: Match State Changed from EnteringMap to WaitingToStart
[2019.12.22-23.09.13:982][784]LogGameMode: Display: Match State Changed from WaitingToStart to InProgress
[2019.12.22-23.09.13:983][784]LogUMG: Display: Widget Class WB_InfoItem_C - Loaded Fast Template.
[2019.12.22-23.09.13:984][784]LogUMG: Display: Widget Class WB_HUD_C - Loaded Fast Template.
[2019.12.22-23.09.13:985][784]LogUMG: Display: Widget Class WB_Pointer_C - Loaded Fast Template.
[2019.12.22-23.09.13:985][784]LogUMG: Display: Widget Class WB_Inventory_C - Loaded Fast Template.
[2019.12.22-23.09.13:985][784]LogUMG: Display: Widget Class WB_puzzle_C - Loaded Fast Template.
[2019.12.22-23.09.13:985][784]LogGameState: Match State Changed from WaitingToStart to InProgress
[2019.12.22-23.09.13:985][784]LogLoad: Took 0.720882 seconds to LoadMap(/Game/Maps/test_level)
[2019.12.22-23.09.13:999][784]LogSlate: Took 0.002653 seconds to synchronously load lazily loaded font '../../../Engine/Content/EngineFonts/Faces/RobotoBold.ufont' (160K)
[2019.12.22-23.09.16:120][892]LogD3D11RHI: Warning: Temp texture streaming buffer not large enough, needed 8388608 bytes
[2019.12.22-23.09.16:264][901]LogD3D11RHI: Warning: Temp texture streaming buffer not large enough, needed 16777216 bytes
[2019.12.22-23.09.39:587][346]LogUMG: Display: Widget Class WB_MenuPause_C - Loaded Fast Template.
[2019.12.22-23.09.41:749][480]LogSlate: FSceneViewport::OnFocusLost() reason 0
[2019.12.22-23.09.41:845][486]LogBlueprintUserMessages: [BP_GameInstance_C_2147482609] true
[2019.12.22-23.09.41:847][486]LogBlueprintUserMessages: [BP_GameInstance_C_2147482609] game saved
[2019.12.22-23.09.41:847][486]LogGameMode: Display: Match State Changed from InProgress to LeavingMap
[2019.12.22-23.09.41:847][486]LogGameState: Match State Changed from InProgress to LeavingMap
[2019.12.22-23.09.41:847][486]LogNet: Browse: /Game/Maps/Main_level
[2019.12.22-23.09.41:847][486]LogLoad: LoadMap: /Game/Maps/Main_level
[2019.12.22-23.09.41:847][486]LogWorld: BeginTearingDown for /Game/Maps/test_level
[2019.12.22-23.09.41:848][486]LogSlate: Took 0.001037 seconds to synchronously load lazily loaded font '../../../Engine/Content/EngineFonts/Faces/RobotoRegular.ufont' (155K)
[2019.12.22-23.09.41:850][486]LogWorld: UWorld::CleanupWorld for test_level, bSessionEnded=true, bCleanupResources=true
[2019.12.22-23.09.41:857][486]LogWorld: UWorld::CleanupWorld for test_level1, bSessionEnded=true, bCleanupResources=true
[2019.12.22-23.09.41:873][486]LogUObjectHash: Compacting FUObjectHashTables data took   1.54ms
[2019.12.22-23.09.41:880][486]LogStreaming: Display: Flushing async loaders.
[2019.12.22-23.09.41:892][486]LogAIModule: Creating AISystem for world Main_level
[2019.12.22-23.09.41:892][486]LogLoad: Game class is 'GameMode'
[2019.12.22-23.09.41:893][486]LogWorld: Bringing World /Game/Maps/Main_level.Main_level up for play (max tick rate 0) at 2019.12.23-00.09.41
[2019.12.22-23.09.41:893][486]LogWorld: Bringing up level for play took: 0.000166
[2019.12.22-23.09.41:893][486]LogGameMode: FindPlayerStart: PATHS NOT DEFINED or NO PLAYERSTART with positive rating
[2019.12.22-23.09.41:893][486]LogGameMode: Display: Match State Changed from EnteringMap to WaitingToStart
[2019.12.22-23.09.41:893][486]LogGameState: Match State Changed from EnteringMap to WaitingToStart
[2019.12.22-23.09.41:893][486]LogGameMode: Display: Match State Changed from WaitingToStart to InProgress
[2019.12.22-23.09.41:893][486]LogUMG: Display: Widget Class WB_MainMenu_C - Loaded Fast Template.
[2019.12.22-23.09.41:894][486]LogGameState: Match State Changed from WaitingToStart to InProgress
[2019.12.22-23.09.41:894][486]LogLoad: Took 0.046810 seconds to LoadMap(/Game/Maps/Main_level)
[2019.12.22-23.09.46:057][745]LogSlate: FSceneViewport::OnFocusLost() reason 0
[2019.12.22-23.09.53:929][233]Closing by request
[2019.12.22-23.09.53:929][233]LogWindows: FPlatformMisc::RequestExit(0)
[2019.12.22-23.09.53:929][233]LogSlate: FSceneViewport::OnFocusLost() reason 0
[2019.12.22-23.09.53:947][234]LogWorld: BeginTearingDown for /Game/Maps/Main_level
[2019.12.22-23.09.53:948][234]LogWorld: UWorld::CleanupWorld for Main_level, bSessionEnded=true, bCleanupResources=true
[2019.12.22-23.09.54:496][234]LogSlate: Request Window 'IntoTheLabyrinth (64-bit Development PCD3D_SM5) ' being destroyed
[2019.12.22-23.09.54:498][234]LogSlate: Window 'IntoTheLabyrinth (64-bit Development PCD3D_SM5) ' being destroyed
[2019.12.22-23.09.54:498][234]LogWindowsTextInputMethodSystem: Display: IME system now deactivated.
[2019.12.22-23.09.54:509][234]LogSlate: Slate User Destroyed.  User Index 0, Is Virtual User: 0
[2019.12.22-23.09.54:510][234]LogExit: Preparing to exit.
[2019.12.22-23.09.54:510][234]LogMoviePlayer: Shutting down movie player
[2019.12.22-23.09.54:512][234]LogSlate: Updating window title bar state: overlay mode, drag disabled, window buttons hidden, title bar hidden
[2019.12.22-23.09.54:513][234]LogDemo: Cleaned up 0 splitscreen connections with owner deletion
[2019.12.22-23.09.54:514][234]LogExit: Game engine shut down
[2019.12.22-23.09.54:542][234]LogExit: Object subsystem successfully closed.
[2019.12.22-23.09.54:548][234]LogModuleManager: Shutting down and abandoning module AutomationController (212)
[2019.12.22-23.09.54:548][234]LogModuleManager: Shutting down and abandoning module AutomationWorker (210)
[2019.12.22-23.09.54:548][234]LogModuleManager: Shutting down and abandoning module Voice (208)
[2019.12.22-23.09.54:548][234]LogModuleManager: Shutting down and abandoning module AIModule (206)
[2019.12.22-23.09.54:548][234]LogModuleManager: Shutting down and abandoning module GameplayDebugger (205)
[2019.12.22-23.09.54:548][234]LogModuleManager: Shutting down and abandoning module NavigationSystem (203)
[2019.12.22-23.09.54:548][234]LogModuleManager: Shutting down and abandoning module WebMMediaFactory (200)
[2019.12.22-23.09.54:548][234]LogModuleManager: Shutting down and abandoning module WebMMedia (198)
[2019.12.22-23.09.54:548][234]LogModuleManager: Shutting down and abandoning module OculusMR (196)
[2019.12.22-23.09.54:548][234]LogModuleManager: Shutting down and abandoning module WmfMediaFactory (194)
[2019.12.22-23.09.54:548][234]LogModuleManager: Shutting down and abandoning module OpenExrWrapper (192)
[2019.12.22-23.09.54:548][234]LogModuleManager: Shutting down and abandoning module ImgMediaFactory (190)
[2019.12.22-23.09.54:548][234]LogModuleManager: Shutting down and abandoning module AvfMediaFactory (188)
[2019.12.22-23.09.54:548][234]LogModuleManager: Shutting down and abandoning module CharacterAI (186)
[2019.12.22-23.09.54:548][234]LogModuleManager: Shutting down and abandoning module SessionServices (184)
[2019.12.22-23.09.54:548][234]LogModuleManager: Shutting down and abandoning module LiveCoding (182)
[2019.12.22-23.09.54:548][234]LogModuleManager: Shutting down and abandoning module LevelSequence (180)
[2019.12.22-23.09.54:548][234]LogModuleManager: Shutting down and abandoning module MovieSceneTracks (178)
[2019.12.22-23.09.54:548][234]LogModuleManager: Shutting down and abandoning module MovieScene (176)
[2019.12.22-23.09.54:548][234]LogModuleManager: Shutting down and abandoning module StreamingPauseRendering (174)
[2019.12.22-23.09.54:548][234]LogModuleManager: Shutting down and abandoning module ImageWriteQueue (172)
[2019.12.22-23.09.54:549][234]LogModuleManager: Shutting down and abandoning module ProfilerService (170)
[2019.12.22-23.09.54:695][234]LogModuleManager: Shutting down and abandoning module TaskGraph (168)
[2019.12.22-23.09.54:695][234]LogModuleManager: Shutting down and abandoning module SteamVRController (166)
[2019.12.22-23.09.54:695][234]LogModuleManager: Shutting down and abandoning module ProceduralMeshComponent (164)
[2019.12.22-23.09.54:695][234]LogModuleManager: Shutting down and abandoning module OculusInput (162)
[2019.12.22-23.09.54:695][234]LogModuleManager: Shutting down and abandoning module MobilePatchingUtils (160)
[2019.12.22-23.09.54:695][234]LogModuleManager: Shutting down and abandoning module EditableMesh (158)
[2019.12.22-23.09.54:695][234]LogModuleManager: Shutting down and abandoning module CustomMeshComponent (156)
[2019.12.22-23.09.54:695][234]LogModuleManager: Shutting down and abandoning module CableComponent (154)
[2019.12.22-23.09.54:695][234]LogModuleManager: Shutting down and abandoning module AudioCapture (152)
[2019.12.22-23.09.54:695][234]LogModuleManager: Shutting down and abandoning module ArchVisCharacter (150)
[2019.12.22-23.09.54:695][234]LogModuleManager: Shutting down and abandoning module AppleImageUtils (148)
[2019.12.22-23.09.54:695][234]LogModuleManager: Shutting down and abandoning module AndroidPermission (146)
[2019.12.22-23.09.54:695][234]LogModuleManager: Shutting down and abandoning module MediaCompositing (144)
[2019.12.22-23.09.54:695][234]LogModuleManager: Shutting down and abandoning module ImgMedia (142)
[2019.12.22-23.09.54:695][234]LogModuleManager: Shutting down and abandoning module HTML5Networking (140)
[2019.12.22-23.09.54:695][234]LogModuleManager: Shutting down and abandoning module BackChannel (138)
[2019.12.22-23.09.54:695][234]LogModuleManager: Shutting down and abandoning module AutomationUtils (136)
[2019.12.22-23.09.54:695][234]LogModuleManager: Shutting down and abandoning module GeometryCacheTracks (134)
[2019.12.22-23.09.54:695][234]LogModuleManager: Shutting down and abandoning module GeometryCache (132)
[2019.12.22-23.09.54:695][234]LogModuleManager: Shutting down and abandoning module VariantManagerContent (130)
[2019.12.22-23.09.54:695][234]LogModuleManager: Shutting down and abandoning module RuntimePhysXCooking (128)
[2019.12.22-23.09.54:695][234]LogModuleManager: Shutting down and abandoning module LocationServicesBPLibrary (124)
[2019.12.22-23.09.54:695][234]LogModuleManager: Shutting down and abandoning module ActorSequence (122)
[2019.12.22-23.09.54:695][234]LogModuleManager: Shutting down and abandoning module UdpMessaging (120)
[2019.12.22-23.09.54:695][234]LogModuleManager: Shutting down and abandoning module TcpMessaging (118)
[2019.12.22-23.09.54:695][234]LogModuleManager: Shutting down and abandoning module FacialAnimation (116)
[2019.12.22-23.09.54:695][234]LogModuleManager: Shutting down and abandoning module SignificanceManager (114)
[2019.12.22-23.09.54:695][234]LogModuleManager: Shutting down and abandoning module AnimationSharing (112)
[2019.12.22-23.09.54:695][234]LogModuleManager: Shutting down and abandoning module LightPropagationVolumeRuntime (110)
[2019.12.22-23.09.54:695][234]LogModuleManager: Shutting down and abandoning module Paper2D (108)
[2019.12.22-23.09.54:695][234]LogModuleManager: Shutting down and abandoning module WindowsMoviePlayer (106)
[2019.12.22-23.09.54:696][234]LogModuleManager: Shutting down and abandoning module WebMMoviePlayer (104)
[2019.12.22-23.09.54:696][234]LogModuleManager: Shutting down and abandoning module NetworkReplayStreaming (102)
[2019.12.22-23.09.54:696][234]LogModuleManager: Shutting down and abandoning module PacketHandler (100)
[2019.12.22-23.09.54:696][234]LogModuleManager: Shutting down and abandoning module ClothingSystemRuntime (98)
[2019.12.22-23.09.54:696][234]LogModuleManager: Shutting down and abandoning module MediaAssets (96)
[2019.12.22-23.09.54:696][234]LogModuleManager: Shutting down and abandoning module Overlay (94)
[2019.12.22-23.09.54:696][234]LogModuleManager: Shutting down and abandoning module UMG (92)
[2019.12.22-23.09.54:696][234]LogModuleManager: Shutting down and abandoning module SlateReflector (90)
[2019.12.22-23.09.54:696][234]LogModuleManager: Shutting down and abandoning module Slate (88)
[2019.12.22-23.09.54:696][234]LogModuleManager: Shutting down and abandoning module MRMesh (86)
[2019.12.22-23.09.54:696][234]LogModuleManager: Shutting down and abandoning module Messaging (84)
[2019.12.22-23.09.54:696][234]LogModuleManager: Shutting down and abandoning module HeadMountedDisplay (82)
[2019.12.22-23.09.54:696][234]LogModuleManager: Shutting down and abandoning module XAudio2 (80)
[2019.12.22-23.09.54:696][234]LogModuleManager: Shutting down and abandoning module Networking (78)
[2019.12.22-23.09.54:696][234]LogModuleManager: Shutting down and abandoning module Core (76)
[2019.12.22-23.09.54:696][234]LogModuleManager: Shutting down and abandoning module ImageWrapper (72)
[2019.12.22-23.09.54:696][234]LogModuleManager: Shutting down and abandoning module InputCore (70)
[2019.12.22-23.09.54:696][234]LogModuleManager: Shutting down and abandoning module PhysXCooking (68)
[2019.12.22-23.09.54:696][234]LogModuleManager: Shutting down and abandoning module WindowsPlatformFeatures (66)
[2019.12.22-23.09.54:696][234]LogModuleManager: Shutting down and abandoning module GameplayMediaEncoder (65)
[2019.12.22-23.09.54:696][234]LogModuleManager: Shutting down and abandoning module SteamVR (62)
[2019.12.22-23.09.54:696][234]LogHMD: Freeing OpenVRDLLHandle.
[2019.12.22-23.09.54:696][234]LogModuleManager: Shutting down and abandoning module OculusHMD (60)
[2019.12.22-23.09.54:696][234]LogModuleManager: Shutting down and abandoning module ExampleDeviceProfileSelector (58)
[2019.12.22-23.09.54:696][234]LogModuleManager: Shutting down and abandoning module LauncherChunkInstaller (56)
[2019.12.22-23.09.54:696][234]LogModuleManager: Shutting down and abandoning module OnlineSubsystem (52)
[2019.12.22-23.09.54:697][234]LogModuleManager: Shutting down and abandoning module HTTP (47)
[2019.12.22-23.09.54:702][234]LogModuleManager: Shutting down and abandoning module SSL (46)
[2019.12.22-23.09.54:702][234]LogModuleManager: Shutting down and abandoning module WmfMedia (42)
[2019.12.22-23.09.54:702][234]LogModuleManager: Shutting down and abandoning module Media (41)
[2019.12.22-23.09.54:703][234]LogModuleManager: Shutting down and abandoning module DatasmithContent (38)
[2019.12.22-23.09.54:703][234]LogModuleManager: Shutting down and abandoning module AISupportModule (36)
[2019.12.22-23.09.54:703][234]LogModuleManager: Shutting down and abandoning module PlatformCryptoOpenSSL (34)
[2019.12.22-23.09.54:703][234]LogModuleManager: Shutting down and abandoning module PlatformCrypto (32)
[2019.12.22-23.09.54:703][234]LogModuleManager: Shutting down and abandoning module RenderCore (30)
[2019.12.22-23.09.54:703][234]LogModuleManager: Shutting down and abandoning module Landscape (28)
[2019.12.22-23.09.54:703][234]LogModuleManager: Shutting down and abandoning module SlateRHIRenderer (26)
[2019.12.22-23.09.54:703][234]LogModuleManager: Shutting down and abandoning module OpenGLDrv (24)
[2019.12.22-23.09.54:703][234]LogModuleManager: Shutting down and abandoning module D3D11RHI (22)
[2019.12.22-23.09.54:703][234]LogModuleManager: Shutting down and abandoning module AnimGraphRuntime (20)
[2019.12.22-23.09.54:703][234]LogModuleManager: Shutting down and abandoning module Renderer (18)
[2019.12.22-23.09.54:703][234]LogModuleManager: Shutting down and abandoning module Engine (16)
[2019.12.22-23.09.54:703][234]LogModuleManager: Shutting down and abandoning module CoreUObject (14)
[2019.12.22-23.09.54:703][234]LogModuleManager: Shutting down and abandoning module NetworkFile (12)
[2019.12.22-23.09.54:704][234]LogModuleManager: Shutting down and abandoning module CookedIterativeFile (10)
[2019.12.22-23.09.54:704][234]LogModuleManager: Shutting down and abandoning module StreamingFile (8)
[2019.12.22-23.09.54:704][234]LogModuleManager: Shutting down and abandoning module SandboxFile (6)
[2019.12.22-23.09.54:704][234]LogModuleManager: Shutting down and abandoning module PakFile (4)
[2019.12.22-23.09.54:704][234]LogModuleManager: Shutting down and abandoning module RSA (3)
[2019.12.22-23.09.54:705][234]LogD3D11RHI: Shutdown
[2019.12.22-23.09.54:705][234]LogD3D11RHI: CleanupD3DDevice
[2019.12.22-23.09.54:705][234]LogRendererCore: FGlobalDynamicReadBuffer::Cleanup()
[2019.12.22-23.09.54:705][234]LogRendererCore: FGlobalDynamicReadBuffer::Cleanup()
[2019.12.22-23.09.54:705][234]LogRendererCore: FGlobalDynamicReadBuffer::Cleanup()
[2019.12.22-23.09.54:752][234]LogD3D11RHI: ~FD3D11DynamicRHI
[2019.12.22-23.09.54:757][234]LogExit: Exiting.
[2019.12.22-23.09.54:765][234]Log file closed, 12/23/19 00:09:54
